C51 COMPILER V9.60.7.0   MAIN                                                              09/08/2025 20:56:17 PAGE 1   


C51 COMPILER V9.60.7.0, COMPILATION OF MODULE MAIN
OBJECT MODULE PLACED IN .\Objects\main.obj
COMPILER INVOKED BY: E:\software\software\keil5\C51\BIN\C51.EXE main.c OPTIMIZE(8,SPEED) BROWSE DEBUG OBJECTEXTEND PRINT
                    -(.\Listings\main.lst) OBJECT(.\Objects\main.obj)

line level    source

   1          #include <REGX52.H>
   2          #include "Delay.h"
   3          #include "LCD1602.h"
   4          #include "MatrixKey.h"
   5          
   6          unsigned char keyNum;
   7          unsigned int password,count;
   8          
   9          void main()
  10          {
  11   1              LCD_Init();
  12   1              LCD_ShowString(1,1,"Password");
  13   1              while(1)
  14   1              {
  15   2                      keyNum = MatrixKey();
  16   2                      if(keyNum)
  17   2                      {
  18   3                              if(keyNum<=10)
  19   3                              {
  20   4                                      if(count<4)
  21   4                                      {
  22   5                                              password*=10;                   //密码左移一位
  23   5                                              password+=keyNum%10;    //获取一位密码
  24   5                                      }
  25   4                                      count++;
  26   4                                      LCD_ShowNum(2,1,password, 4);
  27   4                              }
  28   3                              if(keyNum==11)//enter 
  29   3                              {
  30   4                                      if(password==2345)//judge password
  31   4                                      {
  32   5                                              LCD_ShowString(1,12,"OK   ");
  33   5                                      }
  34   4                                      else
  35   4                                      {
  36   5                                              LCD_ShowString(1,12,"ERROR");
  37   5                                      }
  38   4                                      password=0;
  39   4                                      count=0;
  40   4                                      LCD_ShowNum(2,1,password,4);
  41   4                              }
  42   3                              if(keyNum==12)//cancel
  43   3                              {
  44   4                                      password=0;
  45   4                                      count=0;
  46   4                                      LCD_ShowString(1,12,"ZERO ");
  47   4                                      LCD_ShowNum(2,1,password,4);
  48   4                              }
  49   3                      }
  50   2              }
  51   1      }


MODULE INFORMATION:   STATIC OVERLAYABLE
C51 COMPILER V9.60.7.0   MAIN                                                              09/08/2025 20:56:17 PAGE 2   

   CODE SIZE        =    202    ----
   CONSTANT SIZE    =     27    ----
   XDATA SIZE       =   ----    ----
   PDATA SIZE       =   ----    ----
   DATA SIZE        =      5    ----
   IDATA SIZE       =   ----    ----
   BIT SIZE         =   ----    ----
END OF MODULE INFORMATION.


C51 COMPILATION COMPLETE.  0 WARNING(S),  0 ERROR(S)
