C51 COMPILER V9.60.7.0   KEY                                                               09/14/2025 10:42:50 PAGE 1   


C51 COMPILER V9.60.7.0, COMPILATION OF MODULE KEY
OBJECT MODULE PLACED IN .\Objects\key.obj
COMPILER INVOKED BY: E:\software\software\keil5\C51\BIN\C51.EXE key.c OPTIMIZE(8,SPEED) BROWSE DEBUG OBJECTEXTEND PRINT(
                    -.\Listings\key.lst) OBJECT(.\Objects\key.obj)

line level    source

   1          #include <REGX52.H>
   2          #include "Delay.h"
   3          
   4          /**
   5            * @brief  获取独立按键键码
   6            * @param  无
   7            * @retval 按下按键的键码，范围：0~4，无按键按下时返回0
   8            */
   9          
  10          unsigned char Key()
  11          {
  12   1              unsigned char keyNumber=0;
  13   1              
  14   1              if(P3_1==0){Delay(20);while(P3_1==0);Delay(20);keyNumber=1;}
  15   1              if(P3_0==0){Delay(20);while(P3_0==0);Delay(20);keyNumber=2;}
  16   1              if(P3_2==0){Delay(20);while(P3_2==0);Delay(20);keyNumber=3;}
  17   1              if(P3_3==0){Delay(20);while(P3_3==0);Delay(20);keyNumber=4;}
  18   1              
  19   1              return keyNumber;
  20   1      }


MODULE INFORMATION:   STATIC OVERLAYABLE
   CODE SIZE        =     97    ----
   CONSTANT SIZE    =   ----    ----
   XDATA SIZE       =   ----    ----
   PDATA SIZE       =   ----    ----
   DATA SIZE        =   ----       1
   IDATA SIZE       =   ----    ----
   BIT SIZE         =   ----    ----
END OF MODULE INFORMATION.


C51 COMPILATION COMPLETE.  0 WARNING(S),  0 ERROR(S)
