C51 COMPILER V9.60.7.0   MAIN                                                              09/14/2025 10:53:54 PAGE 1   


C51 COMPILER V9.60.7.0, COMPILATION OF MODULE MAIN
OBJECT MODULE PLACED IN .\Objects\main.obj
COMPILER INVOKED BY: E:\software\software\keil5\C51\BIN\C51.EXE main.c OPTIMIZE(8,SPEED) BROWSE DEBUG OBJECTEXTEND PRINT
                    -(.\Listings\main.lst) OBJECT(.\Objects\main.obj)

line level    source

   1          #include <REGX52.H>
   2          #include "Delay.h"
   3          #include "LCD1602.h"
   4          #include "Timer0.h"
   5          
   6          unsigned char Sec,Min,Hour;
   7          
   8          void main()
   9          {
  10   1              LCD_Init();
  11   1              Timer0Init();
  12   1              
  13   1              LCD_ShowString(1,1,"CLOCK:");
  14   1              LCD_ShowString(2,1,"  :  :");
  15   1              
  16   1              while(1)
  17   1              {
  18   2                      LCD_ShowNum(2,1,Hour,2);
  19   2                      LCD_ShowNum(2,4,Min,2);
  20   2                      LCD_ShowNum(2,7,Sec,2);
  21   2              }
  22   1      }
  23          
  24          void Timer0_Routine() interrupt 1
  25          {
  26   1              static unsigned int T0Count;
  27   1              TL0 = 0x18;             //设置定时初值
  28   1              TH0 = 0xFC;             //设置定时初值
  29   1              
  30   1              T0Count++;
  31   1              if(T0Count>=1000) //每隔一秒闪烁
  32   1              {
  33   2                      T0Count=0;
  34   2                      Sec++;
  35   2                      if(Sec>=60)
  36   2                      {
  37   3                              Sec=0;
  38   3                              Min++;
  39   3                              if(Min>=60)
  40   3                              {
  41   4                                      Min=0;
  42   4                                      Hour++;
  43   4                                      if(Hour>=24)
  44   4                                      {
  45   5                                              Hour=0;
  46   5                                      }
  47   4                              }
  48   3                      }
  49   2                      
  50   2              }
  51   1      }


MODULE INFORMATION:   STATIC OVERLAYABLE
C51 COMPILER V9.60.7.0   MAIN                                                              09/14/2025 10:53:54 PAGE 2   

   CODE SIZE        =    150    ----
   CONSTANT SIZE    =     14    ----
   XDATA SIZE       =   ----    ----
   PDATA SIZE       =   ----    ----
   DATA SIZE        =      5    ----
   IDATA SIZE       =   ----    ----
   BIT SIZE         =   ----    ----
END OF MODULE INFORMATION.


C51 COMPILATION COMPLETE.  0 WARNING(S),  0 ERROR(S)
